250629 151232.797|CONFIG|AWT-EventQueue-0|log|Now logging to C:\pc2\TestContest\config\logs directory.
250629 151232.798|INFO|AWT-EventQueue-0|log|
250629 151232.799|INFO|AWT-EventQueue-0|log|Version 9.11build 20250513 (Tuesday, May 13th 2025 22:59 UTC) Java ver 24.0.1 build 7207~develop Windows 10 10.0 (amd64) 
250629 151232.799|INFO|AWT-EventQueue-0|log|Login: root (aka administrator1)
250629 151232.801|INFO|AWT-EventQueue-0|log|Working directory is C:\pc2\TestContest\config
250629 151232.803|INFO|AWT-EventQueue-0|log|Process id is 1324@LAPTOP-HOME2
250629 151232.804|INFO|AWT-EventQueue-0|log|Contacting server at localhost:50002 as ADMINISTRATOR1 @ site 0
250629 151232.805|INFO|AWT-EventQueue-0|log|sendLoginRequest start - sending from ADMINISTRATOR1 @ site 0
250629 151232.809|INFO|AWT-EventQueue-0|log|Sending packet to server Packet[LOGIN_REQUEST] #1 ADMINISTRATOR1 @ site 0 -> SERVER0 @ site 0
250629 151232.811|INFO|Thread-2|log|send(Serializable)
250629 151232.812|INFO|AWT-EventQueue-0|log|Sent    packet to server Packet[LOGIN_REQUEST] #1 ADMINISTRATOR1 @ site 0 -> SERVER0 @ site 0
250629 151232.813|INFO|AWT-EventQueue-0|log|sendLoginRequest end - packet sent.
250629 151232.864|INFO|Thread-1|log|public void receive(SealedObject TransportPacket, ConnectionHandlerID connectionHandlerID)
250629 151232.889|INFO|Thread-3|log| receiveObject(S) start got Packet[LOGIN] #3 SERVER0 @ site 1 -> SERVER0 @ site 0
250629 151232.890|INFO|Thread-3|log|Packet LOGIN (Seq #3, o#3 ) recieveObject
250629 151232.890|INFO|Thread-3|log|  From: SERVER0 @ site 1, oSERVER0 @ site 1 (LAPTOP-HOME2 @ 172.18.64.1) (Contest Id: tcpc_contest)
250629 151232.891|INFO|Thread-3|log|    To: SERVER0 @ site 0
250629 151232.892|INFO|Thread-3|log|   key: CONNECTION_HANDLE_ID is: edu.csus.ecs.pc2.core.transport.ConnectionHandlerID Socket[addr=/127.0.0.1,port=60148,localport=50002]-1044801867879266114
250629 151232.892|INFO|Thread-3|log|   key: CLIENT_ID is: edu.csus.ecs.pc2.core.model.ClientId ADMINISTRATOR1 @ site 1
250629 151232.893|INFO|Thread-3|log|   key: CLIENT_SETTINGS is: edu.csus.ecs.pc2.core.model.ClientSettings edu.csus.ecs.pc2.core.model.ClientSettings@33f9b891
250629 151232.893|INFO|Thread-3|log|handlePacket start Packet[LOGIN] #3 SERVER0 @ site 1 -> SERVER0 @ site 0
250629 151232.894|INFO|Thread-3|log|Packet LOGIN (Seq #3, o#3 ) handlePacket
250629 151232.894|INFO|Thread-3|log|  From: SERVER0 @ site 1, oSERVER0 @ site 1 (LAPTOP-HOME2 @ 172.18.64.1) (Contest Id: tcpc_contest)
250629 151232.895|INFO|Thread-3|log|    To: SERVER0 @ site 0
250629 151232.895|INFO|Thread-3|log|   key: CONNECTION_HANDLE_ID is: edu.csus.ecs.pc2.core.transport.ConnectionHandlerID Socket[addr=/127.0.0.1,port=60148,localport=50002]-1044801867879266114
250629 151232.896|INFO|Thread-3|log|   key: CLIENT_ID is: edu.csus.ecs.pc2.core.model.ClientId ADMINISTRATOR1 @ site 1
250629 151232.897|INFO|Thread-3|log|   key: CLIENT_SETTINGS is: edu.csus.ecs.pc2.core.model.ClientSettings edu.csus.ecs.pc2.core.model.ClientSettings@33f9b891
250629 151232.899|INFO|Thread-3|log|Note: got a LOGIN packet before this site was logged in Packet[LOGIN] #3 SERVER0 @ site 1 -> SERVER0 @ site 0
250629 151232.900|INFO|Thread-3|log|handlePacket end Packet[LOGIN] #3 SERVER0 @ site 1 -> SERVER0 @ site 0
250629 151232.901|INFO|Thread-3|log| receiveObject(S) end   got Packet[LOGIN] #3 SERVER0 @ site 1 -> SERVER0 @ site 0
250629 151232.901|INFO|Thread-1|log|public void receive(SealedObject TransportPacket, ConnectionHandlerID connectionHandlerID)
250629 151232.996|INFO|Thread-4|log| receiveObject(S) start got Packet[LOGIN_SUCCESS] #2 SERVER0 @ site 1 -> ADMINISTRATOR1 @ site 1
250629 151232.997|INFO|Thread-4|log|Packet LOGIN_SUCCESS (Seq #2, o#2 ) recieveObject
250629 151232.997|INFO|Thread-4|log|  From: SERVER0 @ site 1, oSERVER0 @ site 1 (LAPTOP-HOME2 @ 172.18.64.1) (Contest Id: tcpc_contest)
250629 151232.997|INFO|Thread-4|log|    To: ADMINISTRATOR1 @ site 1
250629 151232.998|INFO|Thread-4|log|   key: PROFILE_LIST is: [Ledu.csus.ecs.pc2.core.model.Profile; [Ledu.csus.ecs.pc2.core.model.Profile;@6106f96e
250629 151232.998|INFO|Thread-4|log|   key: GENERAL_PROBLEM is: edu.csus.ecs.pc2.core.model.Problem General
250629 151232.999|INFO|Thread-4|log|   key: CLIENT_SETTINGS_LIST is: [Ledu.csus.ecs.pc2.core.model.ClientSettings; [Ledu.csus.ecs.pc2.core.model.ClientSettings;@6fc10b3e
250629 151232.999|INFO|Thread-4|log|   key: CONTEST_TIME is: edu.csus.ecs.pc2.core.model.ContestTime edu.csus.ecs.pc2.core.model.ContestTime@6bfe921e
250629 151233.000|INFO|Thread-4|log|   key: CLARIFICATION_LIST is: [Ledu.csus.ecs.pc2.core.model.Clarification; [Ledu.csus.ecs.pc2.core.model.Clarification;@2efc0105
250629 151233.000|INFO|Thread-4|log|   key: CATEGORY_LIST is: [Ledu.csus.ecs.pc2.core.model.Category; [Ledu.csus.ecs.pc2.core.model.Category;@7867503d
250629 151233.001|INFO|Thread-4|log|   key: LANGUAGE_LIST is: [Ledu.csus.ecs.pc2.core.model.Language; [Ledu.csus.ecs.pc2.core.model.Language;@1f182cf4
250629 151233.001|INFO|Thread-4|log|   key: REMOTE_LOGGED_IN_USERS is: [Ledu.csus.ecs.pc2.core.model.ClientId; [Ledu.csus.ecs.pc2.core.model.ClientId;@69236b
250629 151233.001|INFO|Thread-4|log|   key: CONTEST_TIME_LIST is: [Ledu.csus.ecs.pc2.core.model.ContestTime; [Ledu.csus.ecs.pc2.core.model.ContestTime;@4ed3fe4a
250629 151233.002|INFO|Thread-4|log|   key: CONNECTION_HANDLE_ID_LIST is: [Ledu.csus.ecs.pc2.core.transport.ConnectionHandlerID; [Ledu.csus.ecs.pc2.core.transport.ConnectionHandlerID;@cf7a915
250629 151233.002|INFO|Thread-4|log|   key: PROFILE is: edu.csus.ecs.pc2.core.model.Profile Default--2958564019539140743
250629 151233.003|INFO|Thread-4|log|   key: CLIENT_ID is: edu.csus.ecs.pc2.core.model.ClientId ADMINISTRATOR1 @ site 1
250629 151233.003|INFO|Thread-4|log|   key: SITE_NUMBER is: java.lang.Integer 1
250629 151233.004|INFO|Thread-4|log|   key: CONTEST_INFORMATION is: edu.csus.ecs.pc2.core.model.ContestInformation edu.csus.ecs.pc2.core.model.ContestInformation@52564bf3
250629 151233.004|INFO|Thread-4|log|   key: SITE_LIST is: [Ledu.csus.ecs.pc2.core.model.Site; [Ledu.csus.ecs.pc2.core.model.Site;@1b6d48a9
250629 151233.004|INFO|Thread-4|log|   key: PROBLEM_DATA_FILES is: [Ledu.csus.ecs.pc2.core.model.ProblemDataFiles; [Ledu.csus.ecs.pc2.core.model.ProblemDataFiles;@4a9dc420
250629 151233.005|INFO|Thread-4|log|   key: JUDGEMENT_LIST is: [Ledu.csus.ecs.pc2.core.model.Judgement; [Ledu.csus.ecs.pc2.core.model.Judgement;@7b136367
250629 151233.005|INFO|Thread-4|log|   key: PROBLEM_LIST is: [Ledu.csus.ecs.pc2.core.model.Problem; [Ledu.csus.ecs.pc2.core.model.Problem;@1bfaa625
250629 151233.005|INFO|Thread-4|log|   key: GROUP_LIST is: [Ledu.csus.ecs.pc2.core.model.Group; [Ledu.csus.ecs.pc2.core.model.Group;@6aa38df3
250629 151233.006|INFO|Thread-4|log|   key: LOCAL_LOGGED_IN_USERS is: [Ledu.csus.ecs.pc2.core.model.ClientId; [Ledu.csus.ecs.pc2.core.model.ClientId;@4e3bf843
250629 151233.006|INFO|Thread-4|log|   key: SERVER_CLOCK_OFFSET is: java.util.GregorianCalendar java.util.GregorianCalendar[time=1751199152849,areFieldsSet=true,areAllFieldsSet=false,lenient=true,zone=sun.util.calendar.ZoneInfo[id="GMT",offset=0,dstSavings=0,useDaylight=false,transitions=0,lastRule=null],firstDayOfWeek=2,minimalDaysInFirstWeek=4,ERA=1,YEAR=2025,MONTH=5,WEEK_OF_YEAR=26,WEEK_OF_MONTH=4,DAY_OF_MONTH=29,DAY_OF_YEAR=180,DAY_OF_WEEK=1,DAY_OF_WEEK_IN_MONTH=5,AM_PM=1,HOUR=0,HOUR_OF_DAY=12,MINUTE=12,SECOND=32,MILLISECOND=849,ZONE_OFFSET=0,DST_OFFSET=0]
250629 151233.006|INFO|Thread-4|log|   key: CONTEST_IDENTIFIER is: java.lang.String tcpc_contest
250629 151233.007|INFO|Thread-4|log|   key: BALLOON_SETTINGS_LIST is: [Ledu.csus.ecs.pc2.core.model.BalloonSettings; [Ledu.csus.ecs.pc2.core.model.BalloonSettings;@2e53a2b8
250629 151233.008|INFO|Thread-4|log|   key: RUN_LIST is: [Ledu.csus.ecs.pc2.core.model.Run; [Ledu.csus.ecs.pc2.core.model.Run;@6056e2d9
250629 151233.009|INFO|Thread-4|log|   key: ACCOUNT_ARRAY is: [Ledu.csus.ecs.pc2.core.model.Account; [Ledu.csus.ecs.pc2.core.model.Account;@16ec2735
250629 151233.009|INFO|Thread-4|log|handlePacket start Packet[LOGIN_SUCCESS] #2 SERVER0 @ site 1 -> ADMINISTRATOR1 @ site 1
250629 151233.010|INFO|Thread-4|log|Packet LOGIN_SUCCESS (Seq #2, o#2 ) handlePacket
250629 151233.010|INFO|Thread-4|log|  From: SERVER0 @ site 1, oSERVER0 @ site 1 (LAPTOP-HOME2 @ 172.18.64.1) (Contest Id: tcpc_contest)
250629 151233.011|INFO|Thread-4|log|    To: ADMINISTRATOR1 @ site 1
250629 151233.011|INFO|Thread-4|log|   key: PROFILE_LIST is: [Ledu.csus.ecs.pc2.core.model.Profile; [Ledu.csus.ecs.pc2.core.model.Profile;@6106f96e
250629 151233.012|INFO|Thread-4|log|   key: GENERAL_PROBLEM is: edu.csus.ecs.pc2.core.model.Problem General
250629 151233.012|INFO|Thread-4|log|   key: CLIENT_SETTINGS_LIST is: [Ledu.csus.ecs.pc2.core.model.ClientSettings; [Ledu.csus.ecs.pc2.core.model.ClientSettings;@6fc10b3e
250629 151233.012|INFO|Thread-4|log|   key: CONTEST_TIME is: edu.csus.ecs.pc2.core.model.ContestTime edu.csus.ecs.pc2.core.model.ContestTime@6bfe921e
250629 151233.013|INFO|Thread-4|log|   key: CLARIFICATION_LIST is: [Ledu.csus.ecs.pc2.core.model.Clarification; [Ledu.csus.ecs.pc2.core.model.Clarification;@2efc0105
250629 151233.013|INFO|Thread-4|log|   key: CATEGORY_LIST is: [Ledu.csus.ecs.pc2.core.model.Category; [Ledu.csus.ecs.pc2.core.model.Category;@7867503d
250629 151233.013|INFO|Thread-4|log|   key: LANGUAGE_LIST is: [Ledu.csus.ecs.pc2.core.model.Language; [Ledu.csus.ecs.pc2.core.model.Language;@1f182cf4
250629 151233.014|INFO|Thread-4|log|   key: REMOTE_LOGGED_IN_USERS is: [Ledu.csus.ecs.pc2.core.model.ClientId; [Ledu.csus.ecs.pc2.core.model.ClientId;@69236b
250629 151233.014|INFO|Thread-4|log|   key: CONTEST_TIME_LIST is: [Ledu.csus.ecs.pc2.core.model.ContestTime; [Ledu.csus.ecs.pc2.core.model.ContestTime;@4ed3fe4a
250629 151233.015|INFO|Thread-4|log|   key: CONNECTION_HANDLE_ID_LIST is: [Ledu.csus.ecs.pc2.core.transport.ConnectionHandlerID; [Ledu.csus.ecs.pc2.core.transport.ConnectionHandlerID;@cf7a915
250629 151233.015|INFO|Thread-4|log|   key: PROFILE is: edu.csus.ecs.pc2.core.model.Profile Default--2958564019539140743
250629 151233.015|INFO|Thread-4|log|   key: CLIENT_ID is: edu.csus.ecs.pc2.core.model.ClientId ADMINISTRATOR1 @ site 1
250629 151233.016|INFO|Thread-4|log|   key: SITE_NUMBER is: java.lang.Integer 1
250629 151233.016|INFO|Thread-4|log|   key: CONTEST_INFORMATION is: edu.csus.ecs.pc2.core.model.ContestInformation edu.csus.ecs.pc2.core.model.ContestInformation@52564bf3
250629 151233.016|INFO|Thread-4|log|   key: SITE_LIST is: [Ledu.csus.ecs.pc2.core.model.Site; [Ledu.csus.ecs.pc2.core.model.Site;@1b6d48a9
250629 151233.017|INFO|Thread-4|log|   key: PROBLEM_DATA_FILES is: [Ledu.csus.ecs.pc2.core.model.ProblemDataFiles; [Ledu.csus.ecs.pc2.core.model.ProblemDataFiles;@4a9dc420
250629 151233.017|INFO|Thread-4|log|   key: JUDGEMENT_LIST is: [Ledu.csus.ecs.pc2.core.model.Judgement; [Ledu.csus.ecs.pc2.core.model.Judgement;@7b136367
250629 151233.017|INFO|Thread-4|log|   key: PROBLEM_LIST is: [Ledu.csus.ecs.pc2.core.model.Problem; [Ledu.csus.ecs.pc2.core.model.Problem;@1bfaa625
250629 151233.017|INFO|Thread-4|log|   key: GROUP_LIST is: [Ledu.csus.ecs.pc2.core.model.Group; [Ledu.csus.ecs.pc2.core.model.Group;@6aa38df3
250629 151233.018|INFO|Thread-4|log|   key: LOCAL_LOGGED_IN_USERS is: [Ledu.csus.ecs.pc2.core.model.ClientId; [Ledu.csus.ecs.pc2.core.model.ClientId;@4e3bf843
250629 151233.018|INFO|Thread-4|log|   key: SERVER_CLOCK_OFFSET is: java.util.GregorianCalendar java.util.GregorianCalendar[time=1751199152849,areFieldsSet=true,areAllFieldsSet=false,lenient=true,zone=sun.util.calendar.ZoneInfo[id="GMT",offset=0,dstSavings=0,useDaylight=false,transitions=0,lastRule=null],firstDayOfWeek=2,minimalDaysInFirstWeek=4,ERA=1,YEAR=2025,MONTH=5,WEEK_OF_YEAR=26,WEEK_OF_MONTH=4,DAY_OF_MONTH=29,DAY_OF_YEAR=180,DAY_OF_WEEK=1,DAY_OF_WEEK_IN_MONTH=5,AM_PM=1,HOUR=0,HOUR_OF_DAY=12,MINUTE=12,SECOND=32,MILLISECOND=849,ZONE_OFFSET=0,DST_OFFSET=0]
250629 151233.018|INFO|Thread-4|log|   key: CONTEST_IDENTIFIER is: java.lang.String tcpc_contest
250629 151233.019|INFO|Thread-4|log|   key: BALLOON_SETTINGS_LIST is: [Ledu.csus.ecs.pc2.core.model.BalloonSettings; [Ledu.csus.ecs.pc2.core.model.BalloonSettings;@2e53a2b8
250629 151233.019|INFO|Thread-4|log|   key: RUN_LIST is: [Ledu.csus.ecs.pc2.core.model.Run; [Ledu.csus.ecs.pc2.core.model.Run;@6056e2d9
250629 151233.019|INFO|Thread-4|log|   key: ACCOUNT_ARRAY is: [Ledu.csus.ecs.pc2.core.model.Account; [Ledu.csus.ecs.pc2.core.model.Account;@16ec2735
250629 151305.789|INFO|Thread-5|log|send(Serializable)
250629 151305.850|INFO|Thread-1|log|public void receive(SealedObject TransportPacket, ConnectionHandlerID connectionHandlerID)
250629 151426.072|INFO|Thread-1|log|public void receive(SealedObject TransportPacket, ConnectionHandlerID connectionHandlerID)
250629 151436.569|INFO|Thread-1|log|public void receive(SealedObject TransportPacket, ConnectionHandlerID connectionHandlerID)
250629 151447.548|INFO|Thread-9|log|send(Serializable)
250629 151447.580|INFO|Thread-1|log|public void receive(SealedObject TransportPacket, ConnectionHandlerID connectionHandlerID)
250629 151455.880|INFO|Thread-1|log|public void receive(SealedObject TransportPacket, ConnectionHandlerID connectionHandlerID)
250629 151455.983|INFO|Thread-1|log|public void receive(SealedObject TransportPacket, ConnectionHandlerID connectionHandlerID)
250629 151456.477|INFO|Thread-1|log|public void receive(SealedObject TransportPacket, ConnectionHandlerID connectionHandlerID)
250629 151456.481|INFO|Thread-1|log|public void receive(SealedObject TransportPacket, ConnectionHandlerID connectionHandlerID)
250629 151538.815|INFO|Thread-1|log|public void receive(SealedObject TransportPacket, ConnectionHandlerID connectionHandlerID)
250629 151538.873|INFO|Thread-1|log|public void receive(SealedObject TransportPacket, ConnectionHandlerID connectionHandlerID)
250629 151539.486|INFO|Thread-1|log|public void receive(SealedObject TransportPacket, ConnectionHandlerID connectionHandlerID)
250629 151539.576|INFO|Thread-1|log|public void receive(SealedObject TransportPacket, ConnectionHandlerID connectionHandlerID)
250629 151608.810|INFO|Thread-1|log|public void receive(SealedObject TransportPacket, ConnectionHandlerID connectionHandlerID)
250629 151609.333|INFO|Thread-1|log|public void receive(SealedObject TransportPacket, ConnectionHandlerID connectionHandlerID)
250629 151622.790|INFO|Thread-1|log|public void receive(SealedObject TransportPacket, ConnectionHandlerID connectionHandlerID)
250629 151630.064|INFO|Thread-1|log|public void receive(SealedObject TransportPacket, ConnectionHandlerID connectionHandlerID)
250629 151630.068|INFO|Thread-1|log|public void receive(SealedObject TransportPacket, ConnectionHandlerID connectionHandlerID)
250629 151635.453|INFO|Thread-1|log|public void receive(SealedObject TransportPacket, ConnectionHandlerID connectionHandlerID)
250629 151635.523|INFO|Thread-1|log|public void receive(SealedObject TransportPacket, ConnectionHandlerID connectionHandlerID)
250629 151655.642|INFO|Thread-1|log|public void receive(SealedObject TransportPacket, ConnectionHandlerID connectionHandlerID)
250629 151656.544|INFO|Thread-1|log|public void receive(SealedObject TransportPacket, ConnectionHandlerID connectionHandlerID)
250629 151703.524|INFO|Thread-1|log|public void receive(SealedObject TransportPacket, ConnectionHandlerID connectionHandlerID)
250629 151737.401|INFO|Thread-1|log|public void receive(SealedObject TransportPacket, ConnectionHandlerID connectionHandlerID)
250629 151738.661|INFO|Thread-1|log|public void receive(SealedObject TransportPacket, ConnectionHandlerID connectionHandlerID)
250629 151803.786|INFO|Thread-1|log|public void receive(SealedObject TransportPacket, ConnectionHandlerID connectionHandlerID)
250629 151809.623|INFO|Thread-1|log|public void receive(SealedObject TransportPacket, ConnectionHandlerID connectionHandlerID)
250629 151809.628|INFO|Thread-1|log|public void receive(SealedObject TransportPacket, ConnectionHandlerID connectionHandlerID)
250629 151816.136|INFO|Thread-1|log|public void receive(SealedObject TransportPacket, ConnectionHandlerID connectionHandlerID)
250629 151816.215|INFO|Thread-1|log|public void receive(SealedObject TransportPacket, ConnectionHandlerID connectionHandlerID)
250629 151845.254|INFO|Thread-1|log|public void receive(SealedObject TransportPacket, ConnectionHandlerID connectionHandlerID)
250629 151845.463|INFO|Thread-1|log|public void receive(SealedObject TransportPacket, ConnectionHandlerID connectionHandlerID)
250629 151854.220|INFO|Thread-1|log|public void receive(SealedObject TransportPacket, ConnectionHandlerID connectionHandlerID)
250629 151919.381|INFO|Thread-1|log|public void receive(SealedObject TransportPacket, ConnectionHandlerID connectionHandlerID)
250629 151920.279|INFO|Thread-1|log|public void receive(SealedObject TransportPacket, ConnectionHandlerID connectionHandlerID)
250629 151923.255|INFO|Thread-1|log|public void receive(SealedObject TransportPacket, ConnectionHandlerID connectionHandlerID)
250629 151931.022|INFO|Thread-1|log|public void receive(SealedObject TransportPacket, ConnectionHandlerID connectionHandlerID)
250629 151931.028|INFO|Thread-1|log|public void receive(SealedObject TransportPacket, ConnectionHandlerID connectionHandlerID)
250629 151935.512|INFO|Thread-1|log|public void receive(SealedObject TransportPacket, ConnectionHandlerID connectionHandlerID)
250629 151940.172|INFO|Thread-1|log|public void receive(SealedObject TransportPacket, ConnectionHandlerID connectionHandlerID)
250629 151940.196|INFO|Thread-1|log|public void receive(SealedObject TransportPacket, ConnectionHandlerID connectionHandlerID)
250629 152001.788|INFO|Thread-1|log|public void receive(SealedObject TransportPacket, ConnectionHandlerID connectionHandlerID)
250629 152002.323|INFO|Thread-1|log|public void receive(SealedObject TransportPacket, ConnectionHandlerID connectionHandlerID)
250629 152008.464|INFO|Thread-1|log|public void receive(SealedObject TransportPacket, ConnectionHandlerID connectionHandlerID)
250629 152026.211|INFO|Thread-1|log|public void receive(SealedObject TransportPacket, ConnectionHandlerID connectionHandlerID)
250629 152039.973|INFO|Thread-1|log|public void receive(SealedObject TransportPacket, ConnectionHandlerID connectionHandlerID)
250629 152042.531|INFO|Thread-1|log|public void receive(SealedObject TransportPacket, ConnectionHandlerID connectionHandlerID)
250629 152053.468|INFO|Thread-1|log|public void receive(SealedObject TransportPacket, ConnectionHandlerID connectionHandlerID)
250629 152053.470|INFO|Thread-1|log|public void receive(SealedObject TransportPacket, ConnectionHandlerID connectionHandlerID)
250629 152058.737|INFO|Thread-1|log|public void receive(SealedObject TransportPacket, ConnectionHandlerID connectionHandlerID)
250629 152058.798|INFO|Thread-1|log|public void receive(SealedObject TransportPacket, ConnectionHandlerID connectionHandlerID)
250629 152121.345|INFO|Thread-1|log|public void receive(SealedObject TransportPacket, ConnectionHandlerID connectionHandlerID)
250629 152141.624|INFO|Thread-1|log|public void receive(SealedObject TransportPacket, ConnectionHandlerID connectionHandlerID)
250629 152201.619|INFO|Thread-59|log|send(Serializable)
250629 152201.694|INFO|Thread-1|log|public void receive(SealedObject TransportPacket, ConnectionHandlerID connectionHandlerID)
250629 152208.801|INFO|Thread-69|log|send(Serializable)
250629 152208.867|INFO|Thread-1|log|public void receive(SealedObject TransportPacket, ConnectionHandlerID connectionHandlerID)
250629 152217.586|INFO|Thread-1|log|public void receive(SealedObject TransportPacket, ConnectionHandlerID connectionHandlerID)
250629 152248.745|INFO|Thread-1|log|public void receive(SealedObject TransportPacket, ConnectionHandlerID connectionHandlerID)
250629 152309.890|INFO|Thread-1|log|public void receive(SealedObject TransportPacket, ConnectionHandlerID connectionHandlerID)
250629 152331.221|INFO|Thread-1|log|public void receive(SealedObject TransportPacket, ConnectionHandlerID connectionHandlerID)
250629 152342.967|INFO|Thread-87|log|send(Serializable)
250629 152343.037|INFO|Thread-1|log|public void receive(SealedObject TransportPacket, ConnectionHandlerID connectionHandlerID)
250629 152412.693|INFO|Thread-108|log|send(Serializable)
250629 152412.748|INFO|Thread-1|log|public void receive(SealedObject TransportPacket, ConnectionHandlerID connectionHandlerID)
250629 152425.403|INFO|Thread-121|log|send(Serializable)
250629 152425.453|INFO|Thread-1|log|public void receive(SealedObject TransportPacket, ConnectionHandlerID connectionHandlerID)
250629 152427.872|INFO|Thread-127|log|send(Serializable)
250629 152427.947|INFO|Thread-1|log|public void receive(SealedObject TransportPacket, ConnectionHandlerID connectionHandlerID)
250629 152438.341|INFO|Thread-139|log|send(Serializable)
250629 152438.383|INFO|Thread-1|log|public void receive(SealedObject TransportPacket, ConnectionHandlerID connectionHandlerID)
250629 152441.486|INFO|Thread-1|log|public void receive(SealedObject TransportPacket, ConnectionHandlerID connectionHandlerID)
250629 152451.290|INFO|Thread-1|log|public void receive(SealedObject TransportPacket, ConnectionHandlerID connectionHandlerID)
250629 152453.570|INFO|Thread-1|log|public void receive(SealedObject TransportPacket, ConnectionHandlerID connectionHandlerID)
250629 152520.041|INFO|Thread-1|log|public void receive(SealedObject TransportPacket, ConnectionHandlerID connectionHandlerID)
250629 152524.370|INFO|Thread-1|log|public void receive(SealedObject TransportPacket, ConnectionHandlerID connectionHandlerID)
250629 152527.124|INFO|Thread-1|log|public void receive(SealedObject TransportPacket, ConnectionHandlerID connectionHandlerID)
250629 152532.007|INFO|Thread-1|log|public void receive(SealedObject TransportPacket, ConnectionHandlerID connectionHandlerID)
250629 152544.961|INFO|Thread-1|log|public void receive(SealedObject TransportPacket, ConnectionHandlerID connectionHandlerID)
250629 152551.655|INFO|Thread-1|log|public void receive(SealedObject TransportPacket, ConnectionHandlerID connectionHandlerID)
250629 152556.708|INFO|Thread-1|log|public void receive(SealedObject TransportPacket, ConnectionHandlerID connectionHandlerID)
250629 152652.175|INFO|Thread-1|log|public void receive(SealedObject TransportPacket, ConnectionHandlerID connectionHandlerID)
250629 152652.180|INFO|Thread-1|log|public void receive(SealedObject TransportPacket, ConnectionHandlerID connectionHandlerID)
250629 152656.927|INFO|Thread-1|log|public void receive(SealedObject TransportPacket, ConnectionHandlerID connectionHandlerID)
250629 152656.962|INFO|Thread-1|log|public void receive(SealedObject TransportPacket, ConnectionHandlerID connectionHandlerID)
250629 152714.621|INFO|Thread-1|log|public void receive(SealedObject TransportPacket, ConnectionHandlerID connectionHandlerID)
250629 152727.145|INFO|Thread-1|log|public void receive(SealedObject TransportPacket, ConnectionHandlerID connectionHandlerID)
250629 152744.254|INFO|Thread-1|log|public void receive(SealedObject TransportPacket, ConnectionHandlerID connectionHandlerID)
250629 152800.312|INFO|Thread-1|log|public void receive(SealedObject TransportPacket, ConnectionHandlerID connectionHandlerID)
250629 152827.018|INFO|Thread-171|log|send(Serializable)
250629 152827.086|INFO|Thread-1|log|public void receive(SealedObject TransportPacket, ConnectionHandlerID connectionHandlerID)
250629 152831.542|INFO|Thread-182|log|send(Serializable)
250629 152831.596|INFO|Thread-1|log|public void receive(SealedObject TransportPacket, ConnectionHandlerID connectionHandlerID)
250629 152833.141|INFO|Thread-188|log|send(Serializable)
250629 152833.201|INFO|Thread-1|log|public void receive(SealedObject TransportPacket, ConnectionHandlerID connectionHandlerID)
250629 152837.791|INFO|Thread-199|log|send(Serializable)
250629 152837.837|INFO|Thread-1|log|public void receive(SealedObject TransportPacket, ConnectionHandlerID connectionHandlerID)
250629 152839.315|INFO|Thread-205|log|send(Serializable)
250629 152839.377|INFO|Thread-1|log|public void receive(SealedObject TransportPacket, ConnectionHandlerID connectionHandlerID)
250629 152843.086|INFO|Thread-216|log|send(Serializable)
250629 152843.129|INFO|Thread-1|log|public void receive(SealedObject TransportPacket, ConnectionHandlerID connectionHandlerID)
250629 152844.454|INFO|Thread-222|log|send(Serializable)
250629 152844.531|INFO|Thread-1|log|public void receive(SealedObject TransportPacket, ConnectionHandlerID connectionHandlerID)
250629 152847.764|INFO|Thread-233|log|send(Serializable)
250629 152847.809|INFO|Thread-1|log|public void receive(SealedObject TransportPacket, ConnectionHandlerID connectionHandlerID)
250629 152851.906|INFO|Thread-1|log|public void receive(SealedObject TransportPacket, ConnectionHandlerID connectionHandlerID)
250629 152902.345|INFO|Thread-1|log|public void receive(SealedObject TransportPacket, ConnectionHandlerID connectionHandlerID)
250629 152904.598|INFO|Thread-1|log|public void receive(SealedObject TransportPacket, ConnectionHandlerID connectionHandlerID)
250629 152913.094|INFO|Thread-1|log|public void receive(SealedObject TransportPacket, ConnectionHandlerID connectionHandlerID)
250629 152917.625|INFO|Thread-1|log|public void receive(SealedObject TransportPacket, ConnectionHandlerID connectionHandlerID)
250629 152925.666|INFO|Thread-1|log|public void receive(SealedObject TransportPacket, ConnectionHandlerID connectionHandlerID)
250629 152928.153|INFO|Thread-1|log|public void receive(SealedObject TransportPacket, ConnectionHandlerID connectionHandlerID)
250629 152940.142|INFO|Thread-1|log|public void receive(SealedObject TransportPacket, ConnectionHandlerID connectionHandlerID)
250629 153058.398|INFO|Thread-1|log|public void receive(SealedObject TransportPacket, ConnectionHandlerID connectionHandlerID)
250629 153112.960|INFO|Thread-1|log|public void receive(SealedObject TransportPacket, ConnectionHandlerID connectionHandlerID)
250629 153112.962|INFO|Thread-1|log|public void receive(SealedObject TransportPacket, ConnectionHandlerID connectionHandlerID)
250629 153123.024|INFO|Thread-1|log|public void receive(SealedObject TransportPacket, ConnectionHandlerID connectionHandlerID)
250629 153123.045|INFO|Thread-1|log|public void receive(SealedObject TransportPacket, ConnectionHandlerID connectionHandlerID)
250629 153145.078|INFO|Thread-1|log|public void receive(SealedObject TransportPacket, ConnectionHandlerID connectionHandlerID)
250629 153154.924|INFO|Thread-261|log|send(Serializable)
250629 153155.000|INFO|Thread-1|log|public void receive(SealedObject TransportPacket, ConnectionHandlerID connectionHandlerID)
250629 153206.937|INFO|Thread-273|log|send(Serializable)
250629 153206.982|INFO|Thread-1|log|public void receive(SealedObject TransportPacket, ConnectionHandlerID connectionHandlerID)
250629 153216.467|INFO|Thread-1|log|public void receive(SealedObject TransportPacket, ConnectionHandlerID connectionHandlerID)
250629 153222.311|INFO|Thread-1|log|public void receive(SealedObject TransportPacket, ConnectionHandlerID connectionHandlerID)
250629 153227.122|INFO|Thread-1|log|public void receive(SealedObject TransportPacket, ConnectionHandlerID connectionHandlerID)
250629 153227.128|INFO|Thread-1|log|public void receive(SealedObject TransportPacket, ConnectionHandlerID connectionHandlerID)
250629 153236.702|INFO|Thread-1|log|public void receive(SealedObject TransportPacket, ConnectionHandlerID connectionHandlerID)
250629 153236.707|INFO|Thread-1|log|public void receive(SealedObject TransportPacket, ConnectionHandlerID connectionHandlerID)
250629 153236.785|INFO|Thread-1|log|public void receive(SealedObject TransportPacket, ConnectionHandlerID connectionHandlerID)
250629 153236.790|INFO|Thread-1|log|public void receive(SealedObject TransportPacket, ConnectionHandlerID connectionHandlerID)
250629 153236.797|INFO|Thread-1|log|public void receive(SealedObject TransportPacket, ConnectionHandlerID connectionHandlerID)
250629 153304.304|INFO|Thread-296|log|send(Serializable)
250629 153304.339|INFO|Thread-1|log|public void receive(SealedObject TransportPacket, ConnectionHandlerID connectionHandlerID)
250629 154157.187|INFO|Thread-1|log|public void receive(SealedObject TransportPacket, ConnectionHandlerID connectionHandlerID)
250629 154157.332|INFO|Thread-1|log|public void receive(SealedObject TransportPacket, ConnectionHandlerID connectionHandlerID)
250629 154157.750|INFO|Thread-1|log|public void receive(SealedObject TransportPacket, ConnectionHandlerID connectionHandlerID)
250629 154157.753|INFO|Thread-1|log|public void receive(SealedObject TransportPacket, ConnectionHandlerID connectionHandlerID)
250629 154215.537|INFO|Thread-1|log|public void receive(SealedObject TransportPacket, ConnectionHandlerID connectionHandlerID)
250629 154216.906|INFO|Thread-1|log|public void receive(SealedObject TransportPacket, ConnectionHandlerID connectionHandlerID)
250629 154216.955|INFO|Thread-1|log|public void receive(SealedObject TransportPacket, ConnectionHandlerID connectionHandlerID)
250629 154217.704|INFO|Thread-1|log|public void receive(SealedObject TransportPacket, ConnectionHandlerID connectionHandlerID)
250629 154217.751|INFO|Thread-1|log|public void receive(SealedObject TransportPacket, ConnectionHandlerID connectionHandlerID)
250629 154227.318|INFO|Thread-1|log|public void receive(SealedObject TransportPacket, ConnectionHandlerID connectionHandlerID)
250629 154232.787|INFO|Thread-308|log|send(Serializable)
250629 154232.917|INFO|Thread-1|log|public void receive(SealedObject TransportPacket, ConnectionHandlerID connectionHandlerID)
250629 154236.927|INFO|Thread-319|log|send(Serializable)
250629 154236.974|INFO|Thread-1|log|public void receive(SealedObject TransportPacket, ConnectionHandlerID connectionHandlerID)
250629 154237.567|INFO|Thread-325|log|send(Serializable)
250629 154237.642|INFO|Thread-1|log|public void receive(SealedObject TransportPacket, ConnectionHandlerID connectionHandlerID)
250629 154237.647|INFO|Thread-1|log|public void receive(SealedObject TransportPacket, ConnectionHandlerID connectionHandlerID)
250629 154245.588|INFO|Thread-343|log|send(Serializable)
250629 154245.655|INFO|Thread-1|log|public void receive(SealedObject TransportPacket, ConnectionHandlerID connectionHandlerID)
250629 154304.931|INFO|Thread-1|log|public void receive(SealedObject TransportPacket, ConnectionHandlerID connectionHandlerID)
250629 154305.673|INFO|Thread-1|log|public void receive(SealedObject TransportPacket, ConnectionHandlerID connectionHandlerID)
250629 154305.674|INFO|Thread-1|log|public void receive(SealedObject TransportPacket, ConnectionHandlerID connectionHandlerID)
250629 154311.163|INFO|Thread-1|log|public void receive(SealedObject TransportPacket, ConnectionHandlerID connectionHandlerID)
250629 154311.217|INFO|Thread-1|log|public void receive(SealedObject TransportPacket, ConnectionHandlerID connectionHandlerID)
250629 154328.077|INFO|Thread-1|log|public void receive(SealedObject TransportPacket, ConnectionHandlerID connectionHandlerID)
250629 154330.358|INFO|Thread-355|log|send(Serializable)
250629 154330.452|INFO|Thread-1|log|public void receive(SealedObject TransportPacket, ConnectionHandlerID connectionHandlerID)
250629 154334.796|INFO|Thread-366|log|send(Serializable)
250629 154334.844|INFO|Thread-1|log|public void receive(SealedObject TransportPacket, ConnectionHandlerID connectionHandlerID)
250629 154336.053|INFO|Thread-372|log|send(Serializable)
250629 154336.145|INFO|Thread-1|log|public void receive(SealedObject TransportPacket, ConnectionHandlerID connectionHandlerID)
250629 154339.043|INFO|Thread-383|log|send(Serializable)
250629 154339.075|INFO|Thread-1|log|public void receive(SealedObject TransportPacket, ConnectionHandlerID connectionHandlerID)
250629 154341.210|INFO|Thread-389|log|send(Serializable)
250629 154341.274|INFO|Thread-1|log|public void receive(SealedObject TransportPacket, ConnectionHandlerID connectionHandlerID)
250629 154341.277|INFO|Thread-1|log|public void receive(SealedObject TransportPacket, ConnectionHandlerID connectionHandlerID)
250629 154354.839|INFO|Thread-417|log|send(Serializable)
250629 154354.888|INFO|Thread-1|log|public void receive(SealedObject TransportPacket, ConnectionHandlerID connectionHandlerID)
250629 154356.661|INFO|Thread-419|log|send(Serializable)
250629 154356.698|INFO|Thread-1|log|public void receive(SealedObject TransportPacket, ConnectionHandlerID connectionHandlerID)
250629 154356.733|INFO|Thread-1|log|public void receive(SealedObject TransportPacket, ConnectionHandlerID connectionHandlerID)
250629 154402.859|INFO|Thread-458|log|send(Serializable)
250629 154402.926|INFO|Thread-1|log|public void receive(SealedObject TransportPacket, ConnectionHandlerID connectionHandlerID)
250629 154415.219|INFO|Thread-1|log|public void receive(SealedObject TransportPacket, ConnectionHandlerID connectionHandlerID)
250629 154434.629|INFO|Thread-1|log|public void receive(SealedObject TransportPacket, ConnectionHandlerID connectionHandlerID)
250629 154436.436|INFO|Thread-1|log|public void receive(SealedObject TransportPacket, ConnectionHandlerID connectionHandlerID)
250629 154436.437|INFO|Thread-1|log|public void receive(SealedObject TransportPacket, ConnectionHandlerID connectionHandlerID)
250629 154439.546|INFO|Thread-1|log|public void receive(SealedObject TransportPacket, ConnectionHandlerID connectionHandlerID)
250629 154439.582|INFO|Thread-1|log|public void receive(SealedObject TransportPacket, ConnectionHandlerID connectionHandlerID)
250629 154439.585|INFO|Thread-1|log|public void receive(SealedObject TransportPacket, ConnectionHandlerID connectionHandlerID)
250629 154441.729|INFO|Thread-471|log|send(Serializable)
250629 154441.776|INFO|Thread-1|log|public void receive(SealedObject TransportPacket, ConnectionHandlerID connectionHandlerID)
250629 154445.055|INFO|Thread-482|log|send(Serializable)
250629 154445.086|INFO|Thread-1|log|public void receive(SealedObject TransportPacket, ConnectionHandlerID connectionHandlerID)
250629 154447.585|INFO|Thread-488|log|send(Serializable)
250629 154447.634|INFO|Thread-1|log|public void receive(SealedObject TransportPacket, ConnectionHandlerID connectionHandlerID)
250629 154448.519|INFO|Thread-1|log|public void receive(SealedObject TransportPacket, ConnectionHandlerID connectionHandlerID)
250629 154451.793|INFO|Thread-500|log|send(Serializable)
250629 154451.831|INFO|Thread-1|log|public void receive(SealedObject TransportPacket, ConnectionHandlerID connectionHandlerID)
250629 154454.385|INFO|Thread-506|log|send(Serializable)
250629 154454.425|INFO|Thread-1|log|public void receive(SealedObject TransportPacket, ConnectionHandlerID connectionHandlerID)
250629 154454.435|INFO|Thread-1|log|public void receive(SealedObject TransportPacket, ConnectionHandlerID connectionHandlerID)
250629 154503.951|INFO|Thread-555|log|send(Serializable)
250629 154503.985|INFO|Thread-1|log|public void receive(SealedObject TransportPacket, ConnectionHandlerID connectionHandlerID)
250629 154506.832|INFO|Thread-557|log|send(Serializable)
250629 154506.858|INFO|Thread-1|log|public void receive(SealedObject TransportPacket, ConnectionHandlerID connectionHandlerID)
250629 154506.860|INFO|Thread-1|log|public void receive(SealedObject TransportPacket, ConnectionHandlerID connectionHandlerID)
250629 154516.374|INFO|Thread-575|log|send(Serializable)
250629 154516.413|INFO|Thread-1|log|public void receive(SealedObject TransportPacket, ConnectionHandlerID connectionHandlerID)
250629 154526.798|INFO|Thread-581|log|send(Serializable)
250629 154526.836|INFO|Thread-1|log|public void receive(SealedObject TransportPacket, ConnectionHandlerID connectionHandlerID)
