250629 151436.496|CONFIG|AWT-EventQueue-0|log|Now logging to C:\pc2\TestContest\config\logs directory.
250629 151436.496|INFO|AWT-EventQueue-0|log|
250629 151436.497|INFO|AWT-EventQueue-0|log|Version 9.11build 20250513 (Tuesday, May 13th 2025 22:59 UTC) Java ver 24.0.1 build 7207~develop Windows 10 10.0 (amd64) 
250629 151436.498|INFO|AWT-EventQueue-0|log|Login: judge1 (aka judge1)
250629 151436.499|INFO|AWT-EventQueue-0|log|Working directory is C:\pc2\TestContest\config
250629 151436.501|INFO|AWT-EventQueue-0|log|Process id is 12356@LAPTOP-HOME2
250629 151436.502|INFO|AWT-EventQueue-0|log|Contacting server at localhost:50002 as JUDGE1 @ site 0
250629 151436.503|INFO|AWT-EventQueue-0|log|sendLoginRequest start - sending from JUDGE1 @ site 0
250629 151436.517|INFO|AWT-EventQueue-0|log|Sending packet to server Packet[LOGIN_REQUEST] #1 JUDGE1 @ site 0 -> SERVER0 @ site 0
250629 151436.519|INFO|Thread-2|log|send(Serializable)
250629 151436.521|INFO|AWT-EventQueue-0|log|Sent    packet to server Packet[LOGIN_REQUEST] #1 JUDGE1 @ site 0 -> SERVER0 @ site 0
250629 151436.521|INFO|AWT-EventQueue-0|log|sendLoginRequest end - packet sent.
250629 151436.570|INFO|Thread-1|log|public void receive(SealedObject TransportPacket, ConnectionHandlerID connectionHandlerID)
250629 151436.598|INFO|Thread-3|log| receiveObject(S) start got Packet[LOGIN] #7 SERVER0 @ site 1 -> SERVER0 @ site 0
250629 151436.599|INFO|Thread-3|log|Packet LOGIN (Seq #7, o#7 ) recieveObject
250629 151436.600|INFO|Thread-3|log|  From: SERVER0 @ site 1, oSERVER0 @ site 1 (LAPTOP-HOME2 @ 172.18.64.1) (Contest Id: tcpc_contest)
250629 151436.600|INFO|Thread-3|log|    To: SERVER0 @ site 0
250629 151436.601|INFO|Thread-3|log|   key: CONNECTION_HANDLE_ID is: edu.csus.ecs.pc2.core.transport.ConnectionHandlerID Socket[addr=/127.0.0.1,port=60149,localport=50002]-8139969642650754464
250629 151436.601|INFO|Thread-3|log|   key: CLIENT_ID is: edu.csus.ecs.pc2.core.model.ClientId JUDGE1 @ site 1
250629 151436.601|INFO|Thread-3|log|   key: CLIENT_SETTINGS is: edu.csus.ecs.pc2.core.model.ClientSettings edu.csus.ecs.pc2.core.model.ClientSettings@3b7ddb50
250629 151436.602|INFO|Thread-3|log|handlePacket start Packet[LOGIN] #7 SERVER0 @ site 1 -> SERVER0 @ site 0
250629 151436.602|INFO|Thread-3|log|Packet LOGIN (Seq #7, o#7 ) handlePacket
250629 151436.603|INFO|Thread-3|log|  From: SERVER0 @ site 1, oSERVER0 @ site 1 (LAPTOP-HOME2 @ 172.18.64.1) (Contest Id: tcpc_contest)
250629 151436.603|INFO|Thread-3|log|    To: SERVER0 @ site 0
250629 151436.603|INFO|Thread-3|log|   key: CONNECTION_HANDLE_ID is: edu.csus.ecs.pc2.core.transport.ConnectionHandlerID Socket[addr=/127.0.0.1,port=60149,localport=50002]-8139969642650754464
250629 151436.604|INFO|Thread-3|log|   key: CLIENT_ID is: edu.csus.ecs.pc2.core.model.ClientId JUDGE1 @ site 1
250629 151436.604|INFO|Thread-3|log|   key: CLIENT_SETTINGS is: edu.csus.ecs.pc2.core.model.ClientSettings edu.csus.ecs.pc2.core.model.ClientSettings@3b7ddb50
250629 151436.606|INFO|Thread-3|log|Note: got a LOGIN packet before this site was logged in Packet[LOGIN] #7 SERVER0 @ site 1 -> SERVER0 @ site 0
250629 151436.607|INFO|Thread-3|log|handlePacket end Packet[LOGIN] #7 SERVER0 @ site 1 -> SERVER0 @ site 0
250629 151436.607|INFO|Thread-3|log| receiveObject(S) end   got Packet[LOGIN] #7 SERVER0 @ site 1 -> SERVER0 @ site 0
250629 151436.624|INFO|Thread-1|log|public void receive(SealedObject TransportPacket, ConnectionHandlerID connectionHandlerID)
250629 151436.708|INFO|Thread-4|log| receiveObject(S) start got Packet[LOGIN_SUCCESS] #6 SERVER0 @ site 1 -> JUDGE1 @ site 1
250629 151436.709|INFO|Thread-4|log|Packet LOGIN_SUCCESS (Seq #6, o#6 ) recieveObject
250629 151436.709|INFO|Thread-4|log|  From: SERVER0 @ site 1, oSERVER0 @ site 1 (LAPTOP-HOME2 @ 172.18.64.1) (Contest Id: tcpc_contest)
250629 151436.709|INFO|Thread-4|log|    To: JUDGE1 @ site 1
250629 151436.710|INFO|Thread-4|log|   key: PROFILE_LIST is: [Ledu.csus.ecs.pc2.core.model.Profile; [Ledu.csus.ecs.pc2.core.model.Profile;@41d172b4
250629 151436.710|INFO|Thread-4|log|   key: GENERAL_PROBLEM is: edu.csus.ecs.pc2.core.model.Problem General
250629 151436.710|INFO|Thread-4|log|   key: CLIENT_SETTINGS_LIST is: [Ledu.csus.ecs.pc2.core.model.ClientSettings; [Ledu.csus.ecs.pc2.core.model.ClientSettings;@4f1694fe
250629 151436.711|INFO|Thread-4|log|   key: CONTEST_TIME is: edu.csus.ecs.pc2.core.model.ContestTime edu.csus.ecs.pc2.core.model.ContestTime@4b2919c4
250629 151436.711|INFO|Thread-4|log|   key: CLARIFICATION_LIST is: [Ledu.csus.ecs.pc2.core.model.Clarification; [Ledu.csus.ecs.pc2.core.model.Clarification;@e2b9ec5
250629 151436.711|INFO|Thread-4|log|   key: CATEGORY_LIST is: [Ledu.csus.ecs.pc2.core.model.Category; [Ledu.csus.ecs.pc2.core.model.Category;@44250966
250629 151436.711|INFO|Thread-4|log|   key: LANGUAGE_LIST is: [Ledu.csus.ecs.pc2.core.model.Language; [Ledu.csus.ecs.pc2.core.model.Language;@3f6fd478
250629 151436.712|INFO|Thread-4|log|   key: REMOTE_LOGGED_IN_USERS is: [Ledu.csus.ecs.pc2.core.model.ClientId; [Ledu.csus.ecs.pc2.core.model.ClientId;@3c8b1d68
250629 151436.712|INFO|Thread-4|log|   key: CONTEST_TIME_LIST is: [Ledu.csus.ecs.pc2.core.model.ContestTime; [Ledu.csus.ecs.pc2.core.model.ContestTime;@6e04618a
250629 151436.712|INFO|Thread-4|log|   key: CONNECTION_HANDLE_ID_LIST is: [Ledu.csus.ecs.pc2.core.transport.ConnectionHandlerID; [Ledu.csus.ecs.pc2.core.transport.ConnectionHandlerID;@2062b15
250629 151436.712|INFO|Thread-4|log|   key: PROFILE is: edu.csus.ecs.pc2.core.model.Profile Default--2958564019539140743
250629 151436.713|INFO|Thread-4|log|   key: CLIENT_ID is: edu.csus.ecs.pc2.core.model.ClientId JUDGE1 @ site 1
250629 151436.713|INFO|Thread-4|log|   key: SITE_NUMBER is: java.lang.Integer 1
250629 151436.713|INFO|Thread-4|log|   key: CONTEST_INFORMATION is: edu.csus.ecs.pc2.core.model.ContestInformation edu.csus.ecs.pc2.core.model.ContestInformation@430be339
250629 151436.714|INFO|Thread-4|log|   key: SITE_LIST is: [Ledu.csus.ecs.pc2.core.model.Site; [Ledu.csus.ecs.pc2.core.model.Site;@278fd66d
250629 151436.714|INFO|Thread-4|log|   key: PROBLEM_DATA_FILES is: [Ledu.csus.ecs.pc2.core.model.ProblemDataFiles; [Ledu.csus.ecs.pc2.core.model.ProblemDataFiles;@6a4afb27
250629 151436.714|INFO|Thread-4|log|   key: JUDGEMENT_LIST is: [Ledu.csus.ecs.pc2.core.model.Judgement; [Ledu.csus.ecs.pc2.core.model.Judgement;@59a72bf8
250629 151436.714|INFO|Thread-4|log|   key: PROBLEM_LIST is: [Ledu.csus.ecs.pc2.core.model.Problem; [Ledu.csus.ecs.pc2.core.model.Problem;@45a909de
250629 151436.715|INFO|Thread-4|log|   key: GROUP_LIST is: [Ledu.csus.ecs.pc2.core.model.Group; [Ledu.csus.ecs.pc2.core.model.Group;@1c4c93b8
250629 151436.715|INFO|Thread-4|log|   key: LOCAL_LOGGED_IN_USERS is: [Ledu.csus.ecs.pc2.core.model.ClientId; [Ledu.csus.ecs.pc2.core.model.ClientId;@21e2c0d5
250629 151436.715|INFO|Thread-4|log|   key: SERVER_CLOCK_OFFSET is: java.util.GregorianCalendar java.util.GregorianCalendar[time=1751199276553,areFieldsSet=true,areAllFieldsSet=false,lenient=true,zone=sun.util.calendar.ZoneInfo[id="GMT",offset=0,dstSavings=0,useDaylight=false,transitions=0,lastRule=null],firstDayOfWeek=2,minimalDaysInFirstWeek=4,ERA=1,YEAR=2025,MONTH=5,WEEK_OF_YEAR=26,WEEK_OF_MONTH=4,DAY_OF_MONTH=29,DAY_OF_YEAR=180,DAY_OF_WEEK=1,DAY_OF_WEEK_IN_MONTH=5,AM_PM=1,HOUR=0,HOUR_OF_DAY=12,MINUTE=14,SECOND=36,MILLISECOND=553,ZONE_OFFSET=0,DST_OFFSET=0]
250629 151436.715|INFO|Thread-4|log|   key: CONTEST_IDENTIFIER is: java.lang.String tcpc_contest
250629 151436.715|INFO|Thread-4|log|   key: BALLOON_SETTINGS_LIST is: [Ledu.csus.ecs.pc2.core.model.BalloonSettings; [Ledu.csus.ecs.pc2.core.model.BalloonSettings;@41fad7fa
250629 151436.716|INFO|Thread-4|log|   key: RUN_LIST is: [Ledu.csus.ecs.pc2.core.model.Run; [Ledu.csus.ecs.pc2.core.model.Run;@4c90d1e2
250629 151436.716|INFO|Thread-4|log|   key: ACCOUNT_ARRAY is: [Ledu.csus.ecs.pc2.core.model.Account; [Ledu.csus.ecs.pc2.core.model.Account;@34395a9b
250629 151436.716|INFO|Thread-4|log|handlePacket start Packet[LOGIN_SUCCESS] #6 SERVER0 @ site 1 -> JUDGE1 @ site 1
250629 151436.716|INFO|Thread-4|log|Packet LOGIN_SUCCESS (Seq #6, o#6 ) handlePacket
250629 151436.717|INFO|Thread-4|log|  From: SERVER0 @ site 1, oSERVER0 @ site 1 (LAPTOP-HOME2 @ 172.18.64.1) (Contest Id: tcpc_contest)
250629 151436.717|INFO|Thread-4|log|    To: JUDGE1 @ site 1
250629 151436.717|INFO|Thread-4|log|   key: PROFILE_LIST is: [Ledu.csus.ecs.pc2.core.model.Profile; [Ledu.csus.ecs.pc2.core.model.Profile;@41d172b4
250629 151436.718|INFO|Thread-4|log|   key: GENERAL_PROBLEM is: edu.csus.ecs.pc2.core.model.Problem General
250629 151436.718|INFO|Thread-4|log|   key: CLIENT_SETTINGS_LIST is: [Ledu.csus.ecs.pc2.core.model.ClientSettings; [Ledu.csus.ecs.pc2.core.model.ClientSettings;@4f1694fe
250629 151436.718|INFO|Thread-4|log|   key: CONTEST_TIME is: edu.csus.ecs.pc2.core.model.ContestTime edu.csus.ecs.pc2.core.model.ContestTime@4b2919c4
250629 151436.718|INFO|Thread-4|log|   key: CLARIFICATION_LIST is: [Ledu.csus.ecs.pc2.core.model.Clarification; [Ledu.csus.ecs.pc2.core.model.Clarification;@e2b9ec5
250629 151436.718|INFO|Thread-4|log|   key: CATEGORY_LIST is: [Ledu.csus.ecs.pc2.core.model.Category; [Ledu.csus.ecs.pc2.core.model.Category;@44250966
250629 151436.719|INFO|Thread-4|log|   key: LANGUAGE_LIST is: [Ledu.csus.ecs.pc2.core.model.Language; [Ledu.csus.ecs.pc2.core.model.Language;@3f6fd478
250629 151436.719|INFO|Thread-4|log|   key: REMOTE_LOGGED_IN_USERS is: [Ledu.csus.ecs.pc2.core.model.ClientId; [Ledu.csus.ecs.pc2.core.model.ClientId;@3c8b1d68
250629 151436.719|INFO|Thread-4|log|   key: CONTEST_TIME_LIST is: [Ledu.csus.ecs.pc2.core.model.ContestTime; [Ledu.csus.ecs.pc2.core.model.ContestTime;@6e04618a
250629 151436.719|INFO|Thread-4|log|   key: CONNECTION_HANDLE_ID_LIST is: [Ledu.csus.ecs.pc2.core.transport.ConnectionHandlerID; [Ledu.csus.ecs.pc2.core.transport.ConnectionHandlerID;@2062b15
250629 151436.720|INFO|Thread-4|log|   key: PROFILE is: edu.csus.ecs.pc2.core.model.Profile Default--2958564019539140743
250629 151436.720|INFO|Thread-4|log|   key: CLIENT_ID is: edu.csus.ecs.pc2.core.model.ClientId JUDGE1 @ site 1
250629 151436.720|INFO|Thread-4|log|   key: SITE_NUMBER is: java.lang.Integer 1
250629 151436.720|INFO|Thread-4|log|   key: CONTEST_INFORMATION is: edu.csus.ecs.pc2.core.model.ContestInformation edu.csus.ecs.pc2.core.model.ContestInformation@430be339
250629 151436.720|INFO|Thread-4|log|   key: SITE_LIST is: [Ledu.csus.ecs.pc2.core.model.Site; [Ledu.csus.ecs.pc2.core.model.Site;@278fd66d
250629 151436.721|INFO|Thread-4|log|   key: PROBLEM_DATA_FILES is: [Ledu.csus.ecs.pc2.core.model.ProblemDataFiles; [Ledu.csus.ecs.pc2.core.model.ProblemDataFiles;@6a4afb27
250629 151436.721|INFO|Thread-4|log|   key: JUDGEMENT_LIST is: [Ledu.csus.ecs.pc2.core.model.Judgement; [Ledu.csus.ecs.pc2.core.model.Judgement;@59a72bf8
250629 151436.721|INFO|Thread-4|log|   key: PROBLEM_LIST is: [Ledu.csus.ecs.pc2.core.model.Problem; [Ledu.csus.ecs.pc2.core.model.Problem;@45a909de
250629 151436.721|INFO|Thread-4|log|   key: GROUP_LIST is: [Ledu.csus.ecs.pc2.core.model.Group; [Ledu.csus.ecs.pc2.core.model.Group;@1c4c93b8
250629 151436.722|INFO|Thread-4|log|   key: LOCAL_LOGGED_IN_USERS is: [Ledu.csus.ecs.pc2.core.model.ClientId; [Ledu.csus.ecs.pc2.core.model.ClientId;@21e2c0d5
250629 151436.722|INFO|Thread-4|log|   key: SERVER_CLOCK_OFFSET is: java.util.GregorianCalendar java.util.GregorianCalendar[time=1751199276553,areFieldsSet=true,areAllFieldsSet=false,lenient=true,zone=sun.util.calendar.ZoneInfo[id="GMT",offset=0,dstSavings=0,useDaylight=false,transitions=0,lastRule=null],firstDayOfWeek=2,minimalDaysInFirstWeek=4,ERA=1,YEAR=2025,MONTH=5,WEEK_OF_YEAR=26,WEEK_OF_MONTH=4,DAY_OF_MONTH=29,DAY_OF_YEAR=180,DAY_OF_WEEK=1,DAY_OF_WEEK_IN_MONTH=5,AM_PM=1,HOUR=0,HOUR_OF_DAY=12,MINUTE=14,SECOND=36,MILLISECOND=553,ZONE_OFFSET=0,DST_OFFSET=0]
250629 151436.722|INFO|Thread-4|log|   key: CONTEST_IDENTIFIER is: java.lang.String tcpc_contest
250629 151436.722|INFO|Thread-4|log|   key: BALLOON_SETTINGS_LIST is: [Ledu.csus.ecs.pc2.core.model.BalloonSettings; [Ledu.csus.ecs.pc2.core.model.BalloonSettings;@41fad7fa
250629 151436.723|INFO|Thread-4|log|   key: RUN_LIST is: [Ledu.csus.ecs.pc2.core.model.Run; [Ledu.csus.ecs.pc2.core.model.Run;@4c90d1e2
250629 151436.723|INFO|Thread-4|log|   key: ACCOUNT_ARRAY is: [Ledu.csus.ecs.pc2.core.model.Account; [Ledu.csus.ecs.pc2.core.model.Account;@34395a9b
250629 151447.620|INFO|Thread-1|log|public void receive(SealedObject TransportPacket, ConnectionHandlerID connectionHandlerID)
250629 151455.989|INFO|Thread-1|log|public void receive(SealedObject TransportPacket, ConnectionHandlerID connectionHandlerID)
250629 151538.929|INFO|Thread-1|log|public void receive(SealedObject TransportPacket, ConnectionHandlerID connectionHandlerID)
250629 151539.584|INFO|Thread-1|log|public void receive(SealedObject TransportPacket, ConnectionHandlerID connectionHandlerID)
250629 151608.825|INFO|Thread-1|log|public void receive(SealedObject TransportPacket, ConnectionHandlerID connectionHandlerID)
250629 151609.185|INFO|Thread-11|log|send(Serializable)
250629 151609.340|INFO|Thread-1|log|public void receive(SealedObject TransportPacket, ConnectionHandlerID connectionHandlerID)
250629 151609.390|INFO|Thread-1|log|public void receive(SealedObject TransportPacket, ConnectionHandlerID connectionHandlerID)
250629 151622.518|INFO|Thread-38|log|send(Serializable)
250629 151622.775|INFO|Thread-1|log|public void receive(SealedObject TransportPacket, ConnectionHandlerID connectionHandlerID)
250629 151635.531|INFO|Thread-1|log|public void receive(SealedObject TransportPacket, ConnectionHandlerID connectionHandlerID)
250629 151655.632|INFO|Thread-1|log|public void receive(SealedObject TransportPacket, ConnectionHandlerID connectionHandlerID)
250629 151656.434|INFO|Thread-42|log|send(Serializable)
250629 151656.514|INFO|Thread-1|log|public void receive(SealedObject TransportPacket, ConnectionHandlerID connectionHandlerID)
250629 151656.526|INFO|Thread-1|log|public void receive(SealedObject TransportPacket, ConnectionHandlerID connectionHandlerID)
250629 151703.425|INFO|Thread-55|log|send(Serializable)
250629 151703.529|INFO|Thread-1|log|public void receive(SealedObject TransportPacket, ConnectionHandlerID connectionHandlerID)
250629 151737.403|INFO|Thread-1|log|public void receive(SealedObject TransportPacket, ConnectionHandlerID connectionHandlerID)
250629 151738.580|INFO|Thread-58|log|send(Serializable)
250629 151738.649|INFO|Thread-1|log|public void receive(SealedObject TransportPacket, ConnectionHandlerID connectionHandlerID)
250629 151738.720|INFO|Thread-1|log|public void receive(SealedObject TransportPacket, ConnectionHandlerID connectionHandlerID)
250629 151803.698|INFO|Thread-92|log|send(Serializable)
250629 151803.793|INFO|Thread-1|log|public void receive(SealedObject TransportPacket, ConnectionHandlerID connectionHandlerID)
250629 151816.218|INFO|Thread-1|log|public void receive(SealedObject TransportPacket, ConnectionHandlerID connectionHandlerID)
250629 151845.259|INFO|Thread-1|log|public void receive(SealedObject TransportPacket, ConnectionHandlerID connectionHandlerID)
250629 151845.390|INFO|Thread-96|log|send(Serializable)
250629 151845.465|INFO|Thread-1|log|public void receive(SealedObject TransportPacket, ConnectionHandlerID connectionHandlerID)
250629 151845.471|INFO|Thread-1|log|public void receive(SealedObject TransportPacket, ConnectionHandlerID connectionHandlerID)
250629 151854.146|INFO|Thread-151|log|send(Serializable)
250629 151854.248|INFO|Thread-1|log|public void receive(SealedObject TransportPacket, ConnectionHandlerID connectionHandlerID)
250629 151919.387|INFO|Thread-1|log|public void receive(SealedObject TransportPacket, ConnectionHandlerID connectionHandlerID)
250629 151920.171|INFO|Thread-154|log|send(Serializable)
250629 151920.278|INFO|Thread-1|log|public void receive(SealedObject TransportPacket, ConnectionHandlerID connectionHandlerID)
250629 151920.303|INFO|Thread-1|log|public void receive(SealedObject TransportPacket, ConnectionHandlerID connectionHandlerID)
250629 151923.218|INFO|Thread-160|log|send(Serializable)
250629 151923.259|INFO|Thread-1|log|public void receive(SealedObject TransportPacket, ConnectionHandlerID connectionHandlerID)
250629 151940.207|INFO|Thread-1|log|public void receive(SealedObject TransportPacket, ConnectionHandlerID connectionHandlerID)
250629 152001.799|INFO|Thread-1|log|public void receive(SealedObject TransportPacket, ConnectionHandlerID connectionHandlerID)
250629 152002.269|INFO|Thread-164|log|send(Serializable)
250629 152002.320|INFO|Thread-1|log|public void receive(SealedObject TransportPacket, ConnectionHandlerID connectionHandlerID)
250629 152002.326|INFO|Thread-1|log|public void receive(SealedObject TransportPacket, ConnectionHandlerID connectionHandlerID)
250629 152008.418|INFO|Thread-177|log|send(Serializable)
250629 152008.469|INFO|Thread-1|log|public void receive(SealedObject TransportPacket, ConnectionHandlerID connectionHandlerID)
250629 152026.145|INFO|Thread-179|log|send(Serializable)
250629 152026.204|INFO|Thread-1|log|public void receive(SealedObject TransportPacket, ConnectionHandlerID connectionHandlerID)
250629 152026.210|INFO|Thread-1|log|public void receive(SealedObject TransportPacket, ConnectionHandlerID connectionHandlerID)
250629 152039.878|INFO|Thread-186|log|send(Serializable)
250629 152039.984|INFO|Thread-1|log|public void receive(SealedObject TransportPacket, ConnectionHandlerID connectionHandlerID)
250629 152042.454|INFO|Thread-188|log|send(Serializable)
250629 152042.497|INFO|Thread-1|log|public void receive(SealedObject TransportPacket, ConnectionHandlerID connectionHandlerID)
250629 152042.518|INFO|Thread-1|log|public void receive(SealedObject TransportPacket, ConnectionHandlerID connectionHandlerID)
250629 152058.791|INFO|Thread-1|log|public void receive(SealedObject TransportPacket, ConnectionHandlerID connectionHandlerID)
250629 152121.349|INFO|Thread-1|log|public void receive(SealedObject TransportPacket, ConnectionHandlerID connectionHandlerID)
250629 152141.562|INFO|Thread-225|log|send(Serializable)
250629 152141.624|INFO|Thread-1|log|public void receive(SealedObject TransportPacket, ConnectionHandlerID connectionHandlerID)
250629 152208.869|INFO|Thread-1|log|public void receive(SealedObject TransportPacket, ConnectionHandlerID connectionHandlerID)
250629 152217.494|INFO|Thread-231|log|send(Serializable)
250629 152217.582|INFO|Thread-1|log|public void receive(SealedObject TransportPacket, ConnectionHandlerID connectionHandlerID)
250629 152217.592|INFO|Thread-1|log|public void receive(SealedObject TransportPacket, ConnectionHandlerID connectionHandlerID)
250629 152248.685|INFO|Thread-280|log|send(Serializable)
250629 152248.746|INFO|Thread-1|log|public void receive(SealedObject TransportPacket, ConnectionHandlerID connectionHandlerID)
250629 152309.896|INFO|Thread-1|log|public void receive(SealedObject TransportPacket, ConnectionHandlerID connectionHandlerID)
250629 152331.230|INFO|Thread-1|log|public void receive(SealedObject TransportPacket, ConnectionHandlerID connectionHandlerID)
250629 152425.454|INFO|Thread-1|log|public void receive(SealedObject TransportPacket, ConnectionHandlerID connectionHandlerID)
250629 152438.383|INFO|Thread-1|log|public void receive(SealedObject TransportPacket, ConnectionHandlerID connectionHandlerID)
250629 152441.418|INFO|Thread-287|log|send(Serializable)
250629 152441.490|INFO|Thread-1|log|public void receive(SealedObject TransportPacket, ConnectionHandlerID connectionHandlerID)
250629 152441.494|INFO|Thread-1|log|public void receive(SealedObject TransportPacket, ConnectionHandlerID connectionHandlerID)
250629 152451.229|INFO|Thread-302|log|send(Serializable)
250629 152451.291|INFO|Thread-1|log|public void receive(SealedObject TransportPacket, ConnectionHandlerID connectionHandlerID)
250629 152453.473|INFO|Thread-304|log|send(Serializable)
250629 152453.560|INFO|Thread-1|log|public void receive(SealedObject TransportPacket, ConnectionHandlerID connectionHandlerID)
250629 152453.572|INFO|Thread-1|log|public void receive(SealedObject TransportPacket, ConnectionHandlerID connectionHandlerID)
250629 152520.057|INFO|Thread-1|log|public void receive(SealedObject TransportPacket, ConnectionHandlerID connectionHandlerID)
250629 152524.302|INFO|Thread-333|log|send(Serializable)
250629 152524.362|INFO|Thread-1|log|public void receive(SealedObject TransportPacket, ConnectionHandlerID connectionHandlerID)
250629 152527.037|INFO|Thread-335|log|send(Serializable)
250629 152527.105|INFO|Thread-1|log|public void receive(SealedObject TransportPacket, ConnectionHandlerID connectionHandlerID)
250629 152527.139|INFO|Thread-1|log|public void receive(SealedObject TransportPacket, ConnectionHandlerID connectionHandlerID)
250629 152531.962|INFO|Thread-338|log|send(Serializable)
250629 152532.003|INFO|Thread-1|log|public void receive(SealedObject TransportPacket, ConnectionHandlerID connectionHandlerID)
250629 152544.965|INFO|Thread-1|log|public void receive(SealedObject TransportPacket, ConnectionHandlerID connectionHandlerID)
250629 152551.609|INFO|Thread-341|log|send(Serializable)
250629 152551.645|INFO|Thread-1|log|public void receive(SealedObject TransportPacket, ConnectionHandlerID connectionHandlerID)
250629 152551.648|INFO|Thread-1|log|public void receive(SealedObject TransportPacket, ConnectionHandlerID connectionHandlerID)
250629 152556.666|INFO|Thread-344|log|send(Serializable)
250629 152556.712|INFO|Thread-1|log|public void receive(SealedObject TransportPacket, ConnectionHandlerID connectionHandlerID)
250629 152656.968|INFO|Thread-1|log|public void receive(SealedObject TransportPacket, ConnectionHandlerID connectionHandlerID)
250629 152714.652|INFO|Thread-1|log|public void receive(SealedObject TransportPacket, ConnectionHandlerID connectionHandlerID)
250629 152727.149|INFO|Thread-1|log|public void receive(SealedObject TransportPacket, ConnectionHandlerID connectionHandlerID)
250629 152744.258|INFO|Thread-1|log|public void receive(SealedObject TransportPacket, ConnectionHandlerID connectionHandlerID)
250629 152800.318|INFO|Thread-1|log|public void receive(SealedObject TransportPacket, ConnectionHandlerID connectionHandlerID)
250629 152831.600|INFO|Thread-1|log|public void receive(SealedObject TransportPacket, ConnectionHandlerID connectionHandlerID)
250629 152837.837|INFO|Thread-1|log|public void receive(SealedObject TransportPacket, ConnectionHandlerID connectionHandlerID)
250629 152843.121|INFO|Thread-1|log|public void receive(SealedObject TransportPacket, ConnectionHandlerID connectionHandlerID)
250629 152847.802|INFO|Thread-1|log|public void receive(SealedObject TransportPacket, ConnectionHandlerID connectionHandlerID)
250629 152851.846|INFO|Thread-355|log|send(Serializable)
250629 152851.893|INFO|Thread-1|log|public void receive(SealedObject TransportPacket, ConnectionHandlerID connectionHandlerID)
250629 152851.913|INFO|Thread-1|log|public void receive(SealedObject TransportPacket, ConnectionHandlerID connectionHandlerID)
250629 152902.293|INFO|Thread-383|log|send(Serializable)
250629 152902.351|INFO|Thread-1|log|public void receive(SealedObject TransportPacket, ConnectionHandlerID connectionHandlerID)
250629 152904.519|INFO|Thread-385|log|send(Serializable)
250629 152904.596|INFO|Thread-1|log|public void receive(SealedObject TransportPacket, ConnectionHandlerID connectionHandlerID)
250629 152904.604|INFO|Thread-1|log|public void receive(SealedObject TransportPacket, ConnectionHandlerID connectionHandlerID)
250629 152913.044|INFO|Thread-399|log|send(Serializable)
250629 152913.098|INFO|Thread-1|log|public void receive(SealedObject TransportPacket, ConnectionHandlerID connectionHandlerID)
250629 152917.581|INFO|Thread-401|log|send(Serializable)
250629 152917.634|INFO|Thread-1|log|public void receive(SealedObject TransportPacket, ConnectionHandlerID connectionHandlerID)
250629 152917.638|INFO|Thread-1|log|public void receive(SealedObject TransportPacket, ConnectionHandlerID connectionHandlerID)
250629 152925.614|INFO|Thread-450|log|send(Serializable)
250629 152925.666|INFO|Thread-1|log|public void receive(SealedObject TransportPacket, ConnectionHandlerID connectionHandlerID)
250629 152928.061|INFO|Thread-452|log|send(Serializable)
250629 152928.134|INFO|Thread-1|log|public void receive(SealedObject TransportPacket, ConnectionHandlerID connectionHandlerID)
250629 152928.172|INFO|Thread-1|log|public void receive(SealedObject TransportPacket, ConnectionHandlerID connectionHandlerID)
250629 152940.094|INFO|Thread-508|log|send(Serializable)
250629 152940.147|INFO|Thread-1|log|public void receive(SealedObject TransportPacket, ConnectionHandlerID connectionHandlerID)
250629 153058.238|INFO|Thread-510|log|send(Serializable)
250629 153058.357|INFO|Thread-1|log|public void receive(SealedObject TransportPacket, ConnectionHandlerID connectionHandlerID)
250629 153058.404|INFO|Thread-1|log|public void receive(SealedObject TransportPacket, ConnectionHandlerID connectionHandlerID)
250629 153123.037|INFO|Thread-1|log|public void receive(SealedObject TransportPacket, ConnectionHandlerID connectionHandlerID)
250629 153145.081|INFO|Thread-1|log|public void receive(SealedObject TransportPacket, ConnectionHandlerID connectionHandlerID)
250629 153206.979|INFO|Thread-1|log|public void receive(SealedObject TransportPacket, ConnectionHandlerID connectionHandlerID)
250629 153216.409|INFO|Thread-517|log|send(Serializable)
250629 153216.459|INFO|Thread-1|log|public void receive(SealedObject TransportPacket, ConnectionHandlerID connectionHandlerID)
250629 153216.477|INFO|Thread-1|log|public void receive(SealedObject TransportPacket, ConnectionHandlerID connectionHandlerID)
250629 153222.234|INFO|Thread-531|log|send(Serializable)
250629 153222.311|INFO|Thread-1|log|public void receive(SealedObject TransportPacket, ConnectionHandlerID connectionHandlerID)
