250629 151425.249|CONFIG|main|log|Now logging to C:\pc2\TestContest\config\logs directory.
250629 151425.258|INFO|main|log|
250629 151425.271|INFO|main|log|Version 9.11build 20250513 (Tuesday, May 13th 2025 22:59 UTC) Java ver 24.0.1 build 7207~develop Windows 10 10.0 (amd64) 
250629 151425.272|INFO|main|log|Working directory is C:\pc2\TestContest\config
250629 151425.324|INFO|main|log|Process id is 12356@LAPTOP-HOME2
250629 151425.326|INFO|main|log|Starting ConnectionManager...
250629 151425.986|INFO|main|log|Started ConnectionManager
250629 151425.998|INFO|main|log|INIFile File location: file:/C:/pc2/TestContest/config/pc2v9.ini
250629 151426.000|INFO|main|log|setClientServerAndPort localhost parsed as localhost port 50002
250629 151426.003|INFO|main|log|Contacting server at localhost:50002
250629 151426.006|INFO|main|log|Connecting to localhost:50002
250629 151426.150|INFO|Thread-1|log|receiveUnencrypted(TransportWrapper, ConnectionHandlerID=Socket[addr=localhost/127.0.0.1,port=50002,localport=60149]-3788903303122813471)
250629 151426.196|INFO|Thread-1|log|receiveUnencrypted Made a secret key for Socket[addr=localhost/127.0.0.1,port=50002,localport=60149]-3788903303122813471 key is com.sun.crypto.provider.DESKey@1078f0eb
250629 151426.200|INFO|Thread-1|log|Generating Unencrypted Public Key Packet
250629 151426.205|INFO|Thread-1|log|checking key:= SunJCE Diffie-Hellman Public Key:
y:
    d156afb3 00ba7ddd c48699b7 9f23a56c 66689eee 2f2cb358 f7d7261f d36cf185
    a81f3a06 c84d2768 61c3a4f2 8d8490f0 ecf940a3 781524b0 2eab743d f0405db6
    4956f94b 82daf91f e2fe0d89 380fd3ce 6aa74e4f 349e709c 75e4b9c4 12f24e7e
    ea146397 7ac795d5 172f584b f7cbc72f da0bd551 9dd0b3ef 3cc28700 7fbeb45e
p:
    f488fd58 4e49dbcd 20b49de4 9107366b 336c380d 451d0f7c 88b31c7c 5b2d8ef6
    f3c923c0 43f0a55b 188d8ebb 558cb85d 38d334fd 7c175743 a31d186c de33212c
    b52aff3c e1b12940 18118d7c 84a70a72 d686c403 19c80729 7aca950c d9969fab
    d00a509b 0246d308 3d66a45d 419f9c7c bd894b22 1926baab a25ec355 e92f78c7
g:
    02
l:
    512
250629 151426.217|INFO|Thread-1|log|packet:= edu.csus.ecs.pc2.core.transport.TransportWrapper@4420a25
250629 151426.640|FINER|main|log|FrameUtilities.loadAndVerifyImageFile(): searching for image file 'images/PC2Logo.png' in jar files
250629 151426.641|FINER|main|log|FrameUtilities.loadAndVerifyImageFile(): found image file 'images/PC2Logo.png' at URL 'jar:file:/C:/pc2/pc2-9.11build-7207.develop/lib/pc2.jar!/images/PC2Logo.png'
250629 151426.642|FINER|main|log|FrameUtilities.loadAndVerifyImageFile(): found image file 'images/PC2Logo.png'; verifying checksum
250629 151427.225|FINER|main|log|FrameUtilities.loadAndVerifyImageFile(): searching for image file 'images/csus_logo.png' in jar files
250629 151427.227|FINER|main|log|FrameUtilities.loadAndVerifyImageFile(): found image file 'images/csus_logo.png' at URL 'jar:file:/C:/pc2/pc2-9.11build-7207.develop/lib/pc2.jar!/images/csus_logo.png'
250629 151427.237|FINER|main|log|FrameUtilities.loadAndVerifyImageFile(): found image file 'images/csus_logo.png'; verifying checksum
250629 151427.244|FINER|main|log|FrameUtilities.loadAndVerifyImageFile(): searching for image file 'images/ICPCWebMast_small.png' in jar files
250629 151427.246|FINER|main|log|FrameUtilities.loadAndVerifyImageFile(): found image file 'images/ICPCWebMast_small.png' at URL 'jar:file:/C:/pc2/pc2-9.11build-7207.develop/lib/pc2.jar!/images/ICPCWebMast_small.png'
250629 151427.246|FINER|main|log|FrameUtilities.loadAndVerifyImageFile(): found image file 'images/ICPCWebMast_small.png'; verifying checksum
